This is TeX, Version 3.141592 (Web2C 7.5.6) (format=CochraneFmt2 2009.6.15)  15 JUN 2009 04:43
**/CT/content/repository_rendering/335/104445/104445
(/CT/content/repository_rendering/335/104445/104445.tex
(/CT/CochraneCMS/TexRendering5/Tags.sty
\savepenalty=\count144
)
\aux=\write0
\toc=\write1
 [1]
(/CT/CochraneCMS/TexRendering5/104445.aux)
\openout0 = `104445.aux'.


(/CT/CochraneCMS/TexRendering5/104445.toc)
\openout1 = `104445.toc'.

 [1] [1]
sectABtitle: BACKGROUND; pageleft: 178.46474pt
sectABtitle: OBJECTIVES; pageleft: 178.46474pt
sectABtitle: METHODS; pageleft: 178.46474pt
sectABtitle: RESULTS; pageleft: 178.46474pt
[2]
Page 3 short by 5.77148pt; can stretch by 0.0pt; badness is 10000
 [3]
Page 4 short by 5.77148pt; can stretch by 0.0pt; badness is 10000
 [4]
Page 5 short by 5.77148pt; can stretch by 0.0pt; badness is 10000
 [5]
Page 6 short by 5.77148pt; can stretch by 0.0pt; badness is 10000
 [6]
Page 7 short by 5.77148pt; can stretch by 0.0pt; badness is 10000
 [7]
Page 8 short by 5.77148pt; can stretch by 0.0pt; badness is 10000
 [8]
Page 9 short by 5.77148pt; can stretch by 0.0pt; badness is 10000
 [9]
hsize: 463.72714pt

Overfull \hbox (214.02611pt too wide) in paragraph at lines 355--355
\ninerm http://www.mca.gov.uk/ourwork/monitorsafequalmed/safetymessages/zyban26
702.pdf 

\hbox(6.5223+2.43004)x88.27515 []


Overfull \hbox (151.75679pt too wide) in paragraph at lines 355--355
\ninerm (www.publications.doh.gov.uk/prescriptionstatistics/index.htm) 

\hbox(6.5223+2.43004)x69.6212 []


Overfull \hbox (82.16725pt too wide) in paragraph at lines 355--355
[]\ninerm http://www.health.gov.au/tga/docs/html/zyban.htm 

\hbox(6.5223+2.43004)x97.69223 []


Overfull \hbox (15.72844pt too wide) in paragraph at lines 355--355
[]\ninerm Urticaria/rashes/pruritus

\hbox(6.5223+2.33067)x69.6212 []


Overfull \hbox (232.68005pt too wide) in paragraph at lines 355--355
\ninerm http://www.mca.gov.uk/ourwork/monitorsafequalmed/safetymessages/zyban26
702.pdf 

\hbox(6.5223+2.43004)x69.6212 []

Page 10 short by 41.45328pt; can stretch by 0.0pt; badness is 10000
[10]
Overfull \hbox (151.75679pt too wide) in paragraph at lines 355--355
\ninerm (www.publications.doh.gov.uk/prescriptionstatistics/index.htm) 

\hbox(6.5223+2.43004)x69.6212 []

Page 11 short by 41.45328pt; can stretch by 0.0pt; badness is 10000
[11]
Overfull \hbox (110.23828pt too wide) in paragraph at lines 355--355
[]\ninerm http://www.health.gov.au/tga/docs/html/zyban.htm 

\hbox(6.5223+2.43004)x69.6212 []

sectABtitle: DISCUSSION; pageleft: 61.69696pt
sectABtitle: AUTHORS' CONCLUSIONS; pageleft: 61.69696pt
sectABtitle: ACKNOWLEDGEMENTS; pageleft: 61.69696pt
[12]
Page 13 short by 5.77148pt; can stretch by 0.0pt; badness is 10000
 [13]
Page 14 short by 5.77148pt; can stretch by 0.0pt; badness is 10000
 [14]
Page 15 short by 5.77148pt; can stretch by 0.0pt; badness is 10000
 [15] [16]
Page 17 short by 7.32729pt; can stretch by 0.60225pt; badness is 10000
 [17] [18] [19] [20] [21] [22] [23] [24] [25] [26]
Page 27 short by 5.26962pt; can stretch by 0.0pt; badness is 10000

[27]
sectABtitle: CHARACTERISTICS OF STUDIES; pageleft: 275.39604pt
[28] [29] [30] [31] [32] [33] [34] [35] [36] [37] [38] [39] [40] [41] [42]
[43] [44] [45]
Page 46 short by 41.45328pt; can stretch by 0.0pt; badness is 10000
 [46]
Overfull \hbox (93.41936pt too wide) detected at line 4443
[]|||[]|[]     [] []| []|||[]    []  []

\hbox(0.0+39.13408)x463.72714 []

[47] [48] [49] [50] [51] [52] [53] [54] [55] [56] [57]
Page 58 short by 41.45328pt; can stretch by 0.0pt; badness is 10000
 [58] [59]
Page 60 short by 41.45328pt; can stretch by 0.0pt; badness is 10000
 [60]
Overfull \hbox (93.41936pt too wide) detected at line 6907
[]|||[]|[]     [] []| []|||[]    []  []

\hbox(0.0+34.152)x463.72714 []

[61] [62] [63] [64]
Page 65 short by 521.36702pt; can stretch by 0.0pt; badness is 10000
 [65] [66] [67]
Page 68 short by 463.28377pt; can stretch by 0.0pt; badness is 10000
 [68]
sectABtitle: DATA AND ANALYSES; pageleft: 610.27255pt
[69] [70] (./teximages/nCD000031-CMP-001-01.tex
! Undefined entity: ^^b0.
^^c3#1->\errmessage {Undefined entity: #1}
                                          
<argument> ...skip 5bp} \kern 8.6bpDalsgar^^c3^^b0
                                                   2004&40/221&8/114&\specia...

\doProcessTable ...penalty 9999\relax }\tablerm #1
                                                  }\getpageleft \ifdim \page...
l.93 }}
       
This error message was generated by an \errmessage
command, so I can't give any explicit help.
Pretend that you're Hercule Poirot: Examine all clues,
and deduce the truth by order and method.

! Undefined entity: ^^a4.
^^c3#1->\errmessage {Undefined entity: #1}
                                          
<argument> ...skip 5bp} \kern 8.6bpHaggstr^^c3^^a4
                                                  m 2006&22/53&11/51&\specia...

\doProcessTable ...penalty 9999\relax }\tablerm #1
                                                  }\getpageleft \ifdim \page...
l.93 }}
       
(That was another \errmessage.)

[71] [72]) (./teximages/nCD000031-CMP-001-02.tex)
(./teximages/nCD000031-CMP-001-03.tex
! Undefined entity: ^^b0.
^^c3#1->\errmessage {Undefined entity: #1}
                                          
<argument> ...skip 5bp} \kern 8.6bpDalsgar^^c3^^b0
                                                   2004&40/221&8/114&\specia...

\doProcessTable ...penalty 9999\relax }\tablerm #1
                                                  }\getpageleft \ifdim \page...
l.113 }}
        
(That was another \errmessage.)

! Undefined entity: ^^a4.
^^c3#1->\errmessage {Undefined entity: #1}
                                          
<argument> ...skip 5bp} \kern 8.6bpHaggstr^^c3^^a4
                                                  m 2006&22/53&11/51&\specia...

\doProcessTable ...penalty 9999\relax }\tablerm #1
                                                  }\getpageleft \ifdim \page...
l.113 }}
        
(That was another \errmessage.)

[73] [74]) (./teximages/nCD000031-CMP-001-04.tex
! Undefined entity: ^^a4.
^^c3#1->\errmessage {Undefined entity: #1}
                                          
<argument> ...skip 5bp} \kern 8.6bpHaggstr^^c3^^a4
                                                  m 2006&22/53&11/51&\specia...

\doProcessTable ...penalty 9999\relax }\tablerm #1
                                                  }\getpageleft \ifdim \page...
l.133 }}
        
(That was another \errmessage.)

! Undefined entity: ^^b0.
^^c3#1->\errmessage {Undefined entity: #1}
                                          
<argument> ...arBreak } \kern 8.6bpDalsgar^^c3^^b0
                                                   2004&40/221&8/114&\specia...

\doProcessTable ...penalty 9999\relax }\tablerm #1
                                                  }\getpageleft \ifdim \page...
l.133 }}
        
(That was another \errmessage.)

[75] [76]) (./teximages/nCD000031-CMP-001-05.tex [77])
(./teximages/nCD000031-CMP-001-06.tex
! Undefined entity: ^^b0.
^^c3#1->\errmessage {Undefined entity: #1}
                                          
<argument> ...skip 5bp} \kern 8.6bpDalsgar^^c3^^b0
                                                   2004&40/221&8/114&\specia...

\doProcessTable ...penalty 9999\relax }\tablerm #1
                                                  }\getpageleft \ifdim \page...
l.117 }}
        
(That was another \errmessage.)

! Undefined entity: ^^a4.
^^c3#1->\errmessage {Undefined entity: #1}
                                          
<argument> ...skip 5bp} \kern 8.6bpHaggstr^^c3^^a4
                                                  m 2006&22/53&11/51&\specia...

\doProcessTable ...penalty 9999\relax }\tablerm #1
                                                  }\getpageleft \ifdim \page...
l.117 }}
        
(That was another \errmessage.)

[78] [79]) (./teximages/nCD000031-CMP-001-07.tex) [80]
(./teximages/nCD000031-CMP-001-08.tex
! Undefined entity: ^^b3.
^^c3#1->\errmessage {Undefined entity: #1}
                                          
<argument> ...kip \vskip 5bp} \kern 8.6bpG^^c3^^b3
                                                  recka 2003&5/31&8/38&\spec...

\doProcessTable ...penalty 9999\relax }\tablerm #1
                                                  }\getpageleft \ifdim \page...
l.37 }}
       
(That was another \errmessage.)

) (./teximages/nCD000031-CMP-001-09.tex) [81]
(./teximages/nCD000031-CMP-001-10.tex)
hsize: 463.72714pt
[82] [83] [84] [85] [86] (./teximages/nCD000031-CMP-002-01.tex
! Undefined entity: ^^a4.
^^c3#1->\errmessage {Undefined entity: #1}
                                          
<argument> ...skip 5bp} \kern 8.6bpHaggstr^^c3^^a4
                                                  m 2006&16/52&11/51&\specia...

\doProcessTable ...penalty 9999\relax }\tablerm #1
                                                  }\getpageleft \ifdim \page...
l.61 }}
       
(That was another \errmessage.)

[87])
hsize: 463.72714pt
[88] (./teximages/nCD000031-CMP-003-01.tex
! Undefined entity: ^^a4.
^^c3#1->\errmessage {Undefined entity: #1}
                                          
<argument> ...skip 5bp} \kern 8.6bpHaggstr^^c3^^a4
                                                  m 2006&22/53&16/52&\specia...

\doProcessTable ...penalty 9999\relax }\tablerm #1
                                                  }\getpageleft \ifdim \page...
l.37 }}
       
(That was another \errmessage.)

) [89] (./teximages/nCD000031-CMP-004-01.tex [90])
(./teximages/nCD000031-CMP-005-01.tex)
sectABtitle: FEEDBACK; pageleft: 124.07178pt
[91]
sectABtitle: WHAT'S NEW; pageleft: 448.42633pt
hsize: 463.72714pt
sectABtitle: HISTORY; pageleft: 332.0311pt
hsize: 463.72714pt
[92]
sectABtitle: CONTRIBUTIONS OF AUTHORS; pageleft: 425.06857pt
sectABtitle: DECLARATIONS OF INTEREST; pageleft: 364.99141pt
sectABtitle: SOURCES OF SUPPORT; pageleft: 284.85452pt
sectABtitle: NOTES; pageleft: 116.1221pt
[93]
sectABtitle: INDEX TERMS; pageleft: 568.082pt
lastpage is 94
[94] )
Output written on /CT/CochraneCMS/TexRendering5/104445.dvi (96 pages, 1136864 b
ytes).
