2012-01-10T20:27:13+04:00 ERR (3): [2] mkdir() [<a href='function.mkdir'>function.mkdir</a>]: Permission denied
	in file /home/localhost/www/motocms/website_example/admin/libs/Moto/MotoImgUtil.php:0
2012-01-10T20:27:13+04:00 ERR (3): [2] imagejpeg() [<a href='function.imagejpeg'>function.imagejpeg</a>]: Unable to open '/home/localhost/www/motocms/website_example/images/gallery/_preview/10p.jpg' for writing: No such file or directory
	in file /home/localhost/www/motocms/website_example/admin/libs/Moto/MotoImgUtil.php:0
2012-01-10T20:27:13+04:00 ERR (3): [2] mkdir() [<a href='function.mkdir'>function.mkdir</a>]: Permission denied
	in file /home/localhost/www/motocms/website_example/admin/libs/Moto/MotoImgUtil.php:0
2012-01-10T20:27:13+04:00 ERR (3): [2] imagejpeg() [<a href='function.imagejpeg'>function.imagejpeg</a>]: Unable to open '/home/localhost/www/motocms/website_example/images/gallery/_preview/11p.jpg' for writing: No such file or directory
	in file /home/localhost/www/motocms/website_example/admin/libs/Moto/MotoImgUtil.php:0
2012-01-10T20:27:13+04:00 ERR (3): [2] mkdir() [<a href='function.mkdir'>function.mkdir</a>]: Permission denied
	in file /home/localhost/www/motocms/website_example/admin/libs/Moto/MotoImgUtil.php:0
2012-01-10T20:27:13+04:00 ERR (3): [2] imagejpeg() [<a href='function.imagejpeg'>function.imagejpeg</a>]: Unable to open '/home/localhost/www/motocms/website_example/images/gallery/_preview/12p.jpg' for writing: No such file or directory
	in file /home/localhost/www/motocms/website_example/admin/libs/Moto/MotoImgUtil.php:0
2012-01-10T20:27:13+04:00 ERR (3): [2] mkdir() [<a href='function.mkdir'>function.mkdir</a>]: Permission denied
	in file /home/localhost/www/motocms/website_example/admin/libs/Moto/MotoImgUtil.php:0
2012-01-10T20:27:13+04:00 ERR (3): [2] imagejpeg() [<a href='function.imagejpeg'>function.imagejpeg</a>]: Unable to open '/home/localhost/www/motocms/website_example/images/gallery/_preview/1p.jpg' for writing: No such file or directory
	in file /home/localhost/www/motocms/website_example/admin/libs/Moto/MotoImgUtil.php:0
2012-01-10T20:27:13+04:00 ERR (3): [2] mkdir() [<a href='function.mkdir'>function.mkdir</a>]: Permission denied
	in file /home/localhost/www/motocms/website_example/admin/libs/Moto/MotoImgUtil.php:0
2012-01-10T20:27:13+04:00 ERR (3): [2] imagejpeg() [<a href='function.imagejpeg'>function.imagejpeg</a>]: Unable to open '/home/localhost/www/motocms/website_example/images/gallery/_preview/2p.jpg' for writing: No such file or directory
	in file /home/localhost/www/motocms/website_example/admin/libs/Moto/MotoImgUtil.php:0
2012-01-10T20:27:13+04:00 ERR (3): [2] mkdir() [<a href='function.mkdir'>function.mkdir</a>]: Permission denied
	in file /home/localhost/www/motocms/website_example/admin/libs/Moto/MotoImgUtil.php:0
2012-01-10T20:27:13+04:00 ERR (3): [2] imagejpeg() [<a href='function.imagejpeg'>function.imagejpeg</a>]: Unable to open '/home/localhost/www/motocms/website_example/images/gallery/_preview/3p.jpg' for writing: No such file or directory
	in file /home/localhost/www/motocms/website_example/admin/libs/Moto/MotoImgUtil.php:0
2012-01-10T20:27:13+04:00 ERR (3): [2] mkdir() [<a href='function.mkdir'>function.mkdir</a>]: Permission denied
	in file /home/localhost/www/motocms/website_example/admin/libs/Moto/MotoImgUtil.php:0
2012-01-10T20:27:13+04:00 ERR (3): [2] imagejpeg() [<a href='function.imagejpeg'>function.imagejpeg</a>]: Unable to open '/home/localhost/www/motocms/website_example/images/gallery/_preview/4p.jpg' for writing: No such file or directory
	in file /home/localhost/www/motocms/website_example/admin/libs/Moto/MotoImgUtil.php:0
2012-01-10T20:27:13+04:00 ERR (3): [2] mkdir() [<a href='function.mkdir'>function.mkdir</a>]: Permission denied
	in file /home/localhost/www/motocms/website_example/admin/libs/Moto/MotoImgUtil.php:0
2012-01-10T20:27:13+04:00 ERR (3): [2] imagejpeg() [<a href='function.imagejpeg'>function.imagejpeg</a>]: Unable to open '/home/localhost/www/motocms/website_example/images/gallery/_preview/5p.jpg' for writing: No such file or directory
	in file /home/localhost/www/motocms/website_example/admin/libs/Moto/MotoImgUtil.php:0
2012-01-10T20:27:13+04:00 ERR (3): [2] mkdir() [<a href='function.mkdir'>function.mkdir</a>]: Permission denied
	in file /home/localhost/www/motocms/website_example/admin/libs/Moto/MotoImgUtil.php:0
2012-01-10T20:27:13+04:00 ERR (3): [2] imagejpeg() [<a href='function.imagejpeg'>function.imagejpeg</a>]: Unable to open '/home/localhost/www/motocms/website_example/images/gallery/_preview/6p.jpg' for writing: No such file or directory
	in file /home/localhost/www/motocms/website_example/admin/libs/Moto/MotoImgUtil.php:0
2012-01-10T20:27:13+04:00 ERR (3): [2] mkdir() [<a href='function.mkdir'>function.mkdir</a>]: Permission denied
	in file /home/localhost/www/motocms/website_example/admin/libs/Moto/MotoImgUtil.php:0
2012-01-10T20:27:13+04:00 ERR (3): [2] imagejpeg() [<a href='function.imagejpeg'>function.imagejpeg</a>]: Unable to open '/home/localhost/www/motocms/website_example/images/gallery/_preview/7p.jpg' for writing: No such file or directory
	in file /home/localhost/www/motocms/website_example/admin/libs/Moto/MotoImgUtil.php:0
2012-01-10T20:27:13+04:00 ERR (3): [2] mkdir() [<a href='function.mkdir'>function.mkdir</a>]: Permission denied
	in file /home/localhost/www/motocms/website_example/admin/libs/Moto/MotoImgUtil.php:0
2012-01-10T20:27:13+04:00 ERR (3): [2] imagejpeg() [<a href='function.imagejpeg'>function.imagejpeg</a>]: Unable to open '/home/localhost/www/motocms/website_example/images/gallery/_preview/8p.jpg' for writing: No such file or directory
	in file /home/localhost/www/motocms/website_example/admin/libs/Moto/MotoImgUtil.php:0
2012-01-10T20:27:13+04:00 ERR (3): [2] mkdir() [<a href='function.mkdir'>function.mkdir</a>]: Permission denied
	in file /home/localhost/www/motocms/website_example/admin/libs/Moto/MotoImgUtil.php:0
2012-01-10T20:27:13+04:00 ERR (3): [2] imagejpeg() [<a href='function.imagejpeg'>function.imagejpeg</a>]: Unable to open '/home/localhost/www/motocms/website_example/images/gallery/_preview/9p.jpg' for writing: No such file or directory
	in file /home/localhost/www/motocms/website_example/admin/libs/Moto/MotoImgUtil.php:0
2012-01-10T20:56:37+04:00 ERR (3): [2] mkdir() [<a href='function.mkdir'>function.mkdir</a>]: Permission denied
	in file /home/localhost/www/motocms/website_example/admin/libs/Moto/MotoImgUtil.php:0
2012-01-10T20:56:37+04:00 ERR (3): [2] imagejpeg() [<a href='function.imagejpeg'>function.imagejpeg</a>]: Unable to open '/home/localhost/www/motocms/website_example/images/gallery/_preview/10p.jpg' for writing: No such file or directory
	in file /home/localhost/www/motocms/website_example/admin/libs/Moto/MotoImgUtil.php:0
2012-01-10T20:56:37+04:00 ERR (3): [2] mkdir() [<a href='function.mkdir'>function.mkdir</a>]: Permission denied
	in file /home/localhost/www/motocms/website_example/admin/libs/Moto/MotoImgUtil.php:0
2012-01-10T20:56:37+04:00 ERR (3): [2] imagejpeg() [<a href='function.imagejpeg'>function.imagejpeg</a>]: Unable to open '/home/localhost/www/motocms/website_example/images/gallery/_preview/11p.jpg' for writing: No such file or directory
	in file /home/localhost/www/motocms/website_example/admin/libs/Moto/MotoImgUtil.php:0
2012-01-10T20:56:37+04:00 ERR (3): [2] mkdir() [<a href='function.mkdir'>function.mkdir</a>]: Permission denied
	in file /home/localhost/www/motocms/website_example/admin/libs/Moto/MotoImgUtil.php:0
2012-01-10T20:56:37+04:00 ERR (3): [2] imagejpeg() [<a href='function.imagejpeg'>function.imagejpeg</a>]: Unable to open '/home/localhost/www/motocms/website_example/images/gallery/_preview/12p.jpg' for writing: No such file or directory
	in file /home/localhost/www/motocms/website_example/admin/libs/Moto/MotoImgUtil.php:0
2012-01-10T20:56:37+04:00 ERR (3): [2] mkdir() [<a href='function.mkdir'>function.mkdir</a>]: Permission denied
	in file /home/localhost/www/motocms/website_example/admin/libs/Moto/MotoImgUtil.php:0
2012-01-10T20:56:37+04:00 ERR (3): [2] imagejpeg() [<a href='function.imagejpeg'>function.imagejpeg</a>]: Unable to open '/home/localhost/www/motocms/website_example/images/gallery/_preview/1p.jpg' for writing: No such file or directory
	in file /home/localhost/www/motocms/website_example/admin/libs/Moto/MotoImgUtil.php:0
2012-01-10T20:56:37+04:00 ERR (3): [2] mkdir() [<a href='function.mkdir'>function.mkdir</a>]: Permission denied
	in file /home/localhost/www/motocms/website_example/admin/libs/Moto/MotoImgUtil.php:0
2012-01-10T20:56:37+04:00 ERR (3): [2] imagejpeg() [<a href='function.imagejpeg'>function.imagejpeg</a>]: Unable to open '/home/localhost/www/motocms/website_example/images/gallery/_preview/2p.jpg' for writing: No such file or directory
	in file /home/localhost/www/motocms/website_example/admin/libs/Moto/MotoImgUtil.php:0
2012-01-10T20:56:37+04:00 ERR (3): [2] mkdir() [<a href='function.mkdir'>function.mkdir</a>]: Permission denied
	in file /home/localhost/www/motocms/website_example/admin/libs/Moto/MotoImgUtil.php:0
2012-01-10T20:56:37+04:00 ERR (3): [2] imagejpeg() [<a href='function.imagejpeg'>function.imagejpeg</a>]: Unable to open '/home/localhost/www/motocms/website_example/images/gallery/_preview/3p.jpg' for writing: No such file or directory
	in file /home/localhost/www/motocms/website_example/admin/libs/Moto/MotoImgUtil.php:0
2012-01-10T20:56:37+04:00 ERR (3): [2] mkdir() [<a href='function.mkdir'>function.mkdir</a>]: Permission denied
	in file /home/localhost/www/motocms/website_example/admin/libs/Moto/MotoImgUtil.php:0
2012-01-10T20:56:37+04:00 ERR (3): [2] imagejpeg() [<a href='function.imagejpeg'>function.imagejpeg</a>]: Unable to open '/home/localhost/www/motocms/website_example/images/gallery/_preview/4p.jpg' for writing: No such file or directory
	in file /home/localhost/www/motocms/website_example/admin/libs/Moto/MotoImgUtil.php:0
2012-01-10T20:56:37+04:00 ERR (3): [2] mkdir() [<a href='function.mkdir'>function.mkdir</a>]: Permission denied
	in file /home/localhost/www/motocms/website_example/admin/libs/Moto/MotoImgUtil.php:0
2012-01-10T20:56:37+04:00 ERR (3): [2] imagejpeg() [<a href='function.imagejpeg'>function.imagejpeg</a>]: Unable to open '/home/localhost/www/motocms/website_example/images/gallery/_preview/5p.jpg' for writing: No such file or directory
	in file /home/localhost/www/motocms/website_example/admin/libs/Moto/MotoImgUtil.php:0
2012-01-10T20:56:37+04:00 ERR (3): [2] mkdir() [<a href='function.mkdir'>function.mkdir</a>]: Permission denied
	in file /home/localhost/www/motocms/website_example/admin/libs/Moto/MotoImgUtil.php:0
2012-01-10T20:56:37+04:00 ERR (3): [2] imagejpeg() [<a href='function.imagejpeg'>function.imagejpeg</a>]: Unable to open '/home/localhost/www/motocms/website_example/images/gallery/_preview/6p.jpg' for writing: No such file or directory
	in file /home/localhost/www/motocms/website_example/admin/libs/Moto/MotoImgUtil.php:0
2012-01-10T20:56:37+04:00 ERR (3): [2] mkdir() [<a href='function.mkdir'>function.mkdir</a>]: Permission denied
	in file /home/localhost/www/motocms/website_example/admin/libs/Moto/MotoImgUtil.php:0
2012-01-10T20:56:37+04:00 ERR (3): [2] imagejpeg() [<a href='function.imagejpeg'>function.imagejpeg</a>]: Unable to open '/home/localhost/www/motocms/website_example/images/gallery/_preview/7p.jpg' for writing: No such file or directory
	in file /home/localhost/www/motocms/website_example/admin/libs/Moto/MotoImgUtil.php:0
2012-01-10T20:56:37+04:00 ERR (3): [2] mkdir() [<a href='function.mkdir'>function.mkdir</a>]: Permission denied
	in file /home/localhost/www/motocms/website_example/admin/libs/Moto/MotoImgUtil.php:0
2012-01-10T20:56:37+04:00 ERR (3): [2] imagejpeg() [<a href='function.imagejpeg'>function.imagejpeg</a>]: Unable to open '/home/localhost/www/motocms/website_example/images/gallery/_preview/8p.jpg' for writing: No such file or directory
	in file /home/localhost/www/motocms/website_example/admin/libs/Moto/MotoImgUtil.php:0
2012-01-10T20:56:37+04:00 ERR (3): [2] mkdir() [<a href='function.mkdir'>function.mkdir</a>]: Permission denied
	in file /home/localhost/www/motocms/website_example/admin/libs/Moto/MotoImgUtil.php:0
2012-01-10T20:56:37+04:00 ERR (3): [2] imagejpeg() [<a href='function.imagejpeg'>function.imagejpeg</a>]: Unable to open '/home/localhost/www/motocms/website_example/images/gallery/_preview/9p.jpg' for writing: No such file or directory
	in file /home/localhost/www/motocms/website_example/admin/libs/Moto/MotoImgUtil.php:0
2012-01-10T21:05:42+04:00 ERR (3): [2] imagepng() [<a href='function.imagepng'>function.imagepng</a>]: Unable to open '/home/localhost/www/motocms/website_example/images/_preview/raster_4f0c6fe6bf26f.png' for writing: Permission denied
	in file /home/localhost/www/motocms/website_example/admin/libs/Moto/MotoImgUtil.php:0
2012-01-10T21:13:16+04:00 ERR (3): [2] imagejpeg() [<a href='function.imagejpeg'>function.imagejpeg</a>]: Unable to open '/home/localhost/www/motocms/website_example/images/_preview/raster_4f0c71acd5bb0.jpg' for writing: Permission denied
	in file /home/localhost/www/motocms/website_example/admin/libs/Moto/MotoImgUtil.php:0
2012-01-10T21:24:57+04:00 ERR (3): [2] mkdir() [<a href='function.mkdir'>function.mkdir</a>]: Permission denied
	in file /home/localhost/www/motocms/website_example/admin/libs/Moto/MotoImgUtil.php:0
2012-01-10T21:24:57+04:00 ERR (3): [2] imagejpeg() [<a href='function.imagejpeg'>function.imagejpeg</a>]: Unable to open '/home/localhost/www/motocms/website_example/images/gallery/_preview/10p.jpg' for writing: No such file or directory
	in file /home/localhost/www/motocms/website_example/admin/libs/Moto/MotoImgUtil.php:0
2012-01-10T21:24:57+04:00 ERR (3): [2] mkdir() [<a href='function.mkdir'>function.mkdir</a>]: Permission denied
	in file /home/localhost/www/motocms/website_example/admin/libs/Moto/MotoImgUtil.php:0
2012-01-10T21:24:57+04:00 ERR (3): [2] imagejpeg() [<a href='function.imagejpeg'>function.imagejpeg</a>]: Unable to open '/home/localhost/www/motocms/website_example/images/gallery/_preview/11p.jpg' for writing: No such file or directory
	in file /home/localhost/www/motocms/website_example/admin/libs/Moto/MotoImgUtil.php:0
2012-01-10T21:24:57+04:00 ERR (3): [2] mkdir() [<a href='function.mkdir'>function.mkdir</a>]: Permission denied
	in file /home/localhost/www/motocms/website_example/admin/libs/Moto/MotoImgUtil.php:0
2012-01-10T21:24:57+04:00 ERR (3): [2] imagejpeg() [<a href='function.imagejpeg'>function.imagejpeg</a>]: Unable to open '/home/localhost/www/motocms/website_example/images/gallery/_preview/12p.jpg' for writing: No such file or directory
	in file /home/localhost/www/motocms/website_example/admin/libs/Moto/MotoImgUtil.php:0
2012-01-10T21:24:57+04:00 ERR (3): [2] mkdir() [<a href='function.mkdir'>function.mkdir</a>]: Permission denied
	in file /home/localhost/www/motocms/website_example/admin/libs/Moto/MotoImgUtil.php:0
2012-01-10T21:24:57+04:00 ERR (3): [2] imagejpeg() [<a href='function.imagejpeg'>function.imagejpeg</a>]: Unable to open '/home/localhost/www/motocms/website_example/images/gallery/_preview/1p.jpg' for writing: No such file or directory
	in file /home/localhost/www/motocms/website_example/admin/libs/Moto/MotoImgUtil.php:0
2012-01-10T21:24:57+04:00 ERR (3): [2] mkdir() [<a href='function.mkdir'>function.mkdir</a>]: Permission denied
	in file /home/localhost/www/motocms/website_example/admin/libs/Moto/MotoImgUtil.php:0
2012-01-10T21:24:57+04:00 ERR (3): [2] imagejpeg() [<a href='function.imagejpeg'>function.imagejpeg</a>]: Unable to open '/home/localhost/www/motocms/website_example/images/gallery/_preview/2p.jpg' for writing: No such file or directory
	in file /home/localhost/www/motocms/website_example/admin/libs/Moto/MotoImgUtil.php:0
2012-01-10T21:24:57+04:00 ERR (3): [2] mkdir() [<a href='function.mkdir'>function.mkdir</a>]: Permission denied
	in file /home/localhost/www/motocms/website_example/admin/libs/Moto/MotoImgUtil.php:0
2012-01-10T21:24:57+04:00 ERR (3): [2] imagejpeg() [<a href='function.imagejpeg'>function.imagejpeg</a>]: Unable to open '/home/localhost/www/motocms/website_example/images/gallery/_preview/3p.jpg' for writing: No such file or directory
	in file /home/localhost/www/motocms/website_example/admin/libs/Moto/MotoImgUtil.php:0
2012-01-10T21:24:57+04:00 ERR (3): [2] mkdir() [<a href='function.mkdir'>function.mkdir</a>]: Permission denied
	in file /home/localhost/www/motocms/website_example/admin/libs/Moto/MotoImgUtil.php:0
2012-01-10T21:24:57+04:00 ERR (3): [2] imagejpeg() [<a href='function.imagejpeg'>function.imagejpeg</a>]: Unable to open '/home/localhost/www/motocms/website_example/images/gallery/_preview/4p.jpg' for writing: No such file or directory
	in file /home/localhost/www/motocms/website_example/admin/libs/Moto/MotoImgUtil.php:0
2012-01-10T21:24:57+04:00 ERR (3): [2] mkdir() [<a href='function.mkdir'>function.mkdir</a>]: Permission denied
	in file /home/localhost/www/motocms/website_example/admin/libs/Moto/MotoImgUtil.php:0
2012-01-10T21:24:57+04:00 ERR (3): [2] imagejpeg() [<a href='function.imagejpeg'>function.imagejpeg</a>]: Unable to open '/home/localhost/www/motocms/website_example/images/gallery/_preview/5p.jpg' for writing: No such file or directory
	in file /home/localhost/www/motocms/website_example/admin/libs/Moto/MotoImgUtil.php:0
2012-01-10T21:24:57+04:00 ERR (3): [2] mkdir() [<a href='function.mkdir'>function.mkdir</a>]: Permission denied
	in file /home/localhost/www/motocms/website_example/admin/libs/Moto/MotoImgUtil.php:0
2012-01-10T21:24:57+04:00 ERR (3): [2] imagejpeg() [<a href='function.imagejpeg'>function.imagejpeg</a>]: Unable to open '/home/localhost/www/motocms/website_example/images/gallery/_preview/6p.jpg' for writing: No such file or directory
	in file /home/localhost/www/motocms/website_example/admin/libs/Moto/MotoImgUtil.php:0
2012-01-10T21:24:57+04:00 ERR (3): [2] mkdir() [<a href='function.mkdir'>function.mkdir</a>]: Permission denied
	in file /home/localhost/www/motocms/website_example/admin/libs/Moto/MotoImgUtil.php:0
2012-01-10T21:24:57+04:00 ERR (3): [2] imagejpeg() [<a href='function.imagejpeg'>function.imagejpeg</a>]: Unable to open '/home/localhost/www/motocms/website_example/images/gallery/_preview/7p.jpg' for writing: No such file or directory
	in file /home/localhost/www/motocms/website_example/admin/libs/Moto/MotoImgUtil.php:0
2012-01-10T21:24:57+04:00 ERR (3): [2] mkdir() [<a href='function.mkdir'>function.mkdir</a>]: Permission denied
	in file /home/localhost/www/motocms/website_example/admin/libs/Moto/MotoImgUtil.php:0
2012-01-10T21:24:57+04:00 ERR (3): [2] imagejpeg() [<a href='function.imagejpeg'>function.imagejpeg</a>]: Unable to open '/home/localhost/www/motocms/website_example/images/gallery/_preview/8p.jpg' for writing: No such file or directory
	in file /home/localhost/www/motocms/website_example/admin/libs/Moto/MotoImgUtil.php:0
2012-01-10T21:24:57+04:00 ERR (3): [2] mkdir() [<a href='function.mkdir'>function.mkdir</a>]: Permission denied
	in file /home/localhost/www/motocms/website_example/admin/libs/Moto/MotoImgUtil.php:0
2012-01-10T21:24:57+04:00 ERR (3): [2] imagejpeg() [<a href='function.imagejpeg'>function.imagejpeg</a>]: Unable to open '/home/localhost/www/motocms/website_example/images/gallery/_preview/9p.jpg' for writing: No such file or directory
	in file /home/localhost/www/motocms/website_example/admin/libs/Moto/MotoImgUtil.php:0
2012-01-10T21:24:57+04:00 ERR (3): [2] imagepng() [<a href='function.imagepng'>function.imagepng</a>]: Unable to open '/home/localhost/www/motocms/website_example/images/_preview/raster_4f0c6fe6bf26f.png' for writing: Permission denied
	in file /home/localhost/www/motocms/website_example/admin/libs/Moto/MotoImgUtil.php:0
2012-01-10T21:24:57+04:00 ERR (3): [2] imagejpeg() [<a href='function.imagejpeg'>function.imagejpeg</a>]: Unable to open '/home/localhost/www/motocms/website_example/images/_preview/raster_4f0c71acd5bb0.jpg' for writing: Permission denied
	in file /home/localhost/www/motocms/website_example/admin/libs/Moto/MotoImgUtil.php:0
2012-01-10T21:38:03+04:00 ERR (3): [8] Use of undefined constant STRUCTURE_RESOURSE_PATH - assumed 'STRUCTURE_RESOURSE_PATH'
	in file /home/localhost/www/motocms/website_example/admin/libs/Moto/services/StructureService.php:0
2012-01-10T21:39:48+04:00 ERR (3): Fatal Error in file structure.xml, line 31 column 17: Opening and ending tag mismatch: elements line 24 and motoStructure
Fatal Error in file structure.xml, line 32 column 1: Premature end of data in tag website line 4
Fatal Error in file structure.xml, line 32 column 1: Premature end of data in tag motoStructure line 2

2012-01-10T21:40:36+04:00 ERR (3): [2] imagejpeg() [<a href='function.imagejpeg'>function.imagejpeg</a>]: Unable to open '/home/localhost/www/motocms/website_example/images/gallery/_preview/10p.jpg' for writing: Permission denied
	in file /home/localhost/www/motocms/website_example/admin/libs/Moto/MotoImgUtil.php:0
2012-01-10T21:40:36+04:00 ERR (3): [2] imagejpeg() [<a href='function.imagejpeg'>function.imagejpeg</a>]: Unable to open '/home/localhost/www/motocms/website_example/images/gallery/_preview/11p.jpg' for writing: Permission denied
	in file /home/localhost/www/motocms/website_example/admin/libs/Moto/MotoImgUtil.php:0
2012-01-10T21:40:36+04:00 ERR (3): [2] imagejpeg() [<a href='function.imagejpeg'>function.imagejpeg</a>]: Unable to open '/home/localhost/www/motocms/website_example/images/gallery/_preview/12p.jpg' for writing: Permission denied
	in file /home/localhost/www/motocms/website_example/admin/libs/Moto/MotoImgUtil.php:0
2012-01-10T21:40:36+04:00 ERR (3): [2] imagejpeg() [<a href='function.imagejpeg'>function.imagejpeg</a>]: Unable to open '/home/localhost/www/motocms/website_example/images/gallery/_preview/1p.jpg' for writing: Permission denied
	in file /home/localhost/www/motocms/website_example/admin/libs/Moto/MotoImgUtil.php:0
2012-01-10T21:40:36+04:00 ERR (3): [2] imagejpeg() [<a href='function.imagejpeg'>function.imagejpeg</a>]: Unable to open '/home/localhost/www/motocms/website_example/images/gallery/_preview/2p.jpg' for writing: Permission denied
	in file /home/localhost/www/motocms/website_example/admin/libs/Moto/MotoImgUtil.php:0
2012-01-10T21:40:36+04:00 ERR (3): [2] imagejpeg() [<a href='function.imagejpeg'>function.imagejpeg</a>]: Unable to open '/home/localhost/www/motocms/website_example/images/gallery/_preview/3p.jpg' for writing: Permission denied
	in file /home/localhost/www/motocms/website_example/admin/libs/Moto/MotoImgUtil.php:0
2012-01-10T21:40:36+04:00 ERR (3): [2] imagejpeg() [<a href='function.imagejpeg'>function.imagejpeg</a>]: Unable to open '/home/localhost/www/motocms/website_example/images/gallery/_preview/4p.jpg' for writing: Permission denied
	in file /home/localhost/www/motocms/website_example/admin/libs/Moto/MotoImgUtil.php:0
2012-01-10T21:40:36+04:00 ERR (3): [2] imagejpeg() [<a href='function.imagejpeg'>function.imagejpeg</a>]: Unable to open '/home/localhost/www/motocms/website_example/images/gallery/_preview/5p.jpg' for writing: Permission denied
	in file /home/localhost/www/motocms/website_example/admin/libs/Moto/MotoImgUtil.php:0
2012-01-10T21:40:36+04:00 ERR (3): [2] imagejpeg() [<a href='function.imagejpeg'>function.imagejpeg</a>]: Unable to open '/home/localhost/www/motocms/website_example/images/gallery/_preview/6p.jpg' for writing: Permission denied
	in file /home/localhost/www/motocms/website_example/admin/libs/Moto/MotoImgUtil.php:0
2012-01-10T21:40:36+04:00 ERR (3): [2] imagejpeg() [<a href='function.imagejpeg'>function.imagejpeg</a>]: Unable to open '/home/localhost/www/motocms/website_example/images/gallery/_preview/7p.jpg' for writing: Permission denied
	in file /home/localhost/www/motocms/website_example/admin/libs/Moto/MotoImgUtil.php:0
2012-01-10T21:40:36+04:00 ERR (3): [2] imagejpeg() [<a href='function.imagejpeg'>function.imagejpeg</a>]: Unable to open '/home/localhost/www/motocms/website_example/images/gallery/_preview/8p.jpg' for writing: Permission denied
	in file /home/localhost/www/motocms/website_example/admin/libs/Moto/MotoImgUtil.php:0
2012-01-10T21:40:36+04:00 ERR (3): [2] imagejpeg() [<a href='function.imagejpeg'>function.imagejpeg</a>]: Unable to open '/home/localhost/www/motocms/website_example/images/gallery/_preview/9p.jpg' for writing: Permission denied
	in file /home/localhost/www/motocms/website_example/admin/libs/Moto/MotoImgUtil.php:0
2012-01-11T09:32:55+04:00 ERR (3): [2] imagejpeg() [<a href='function.imagejpeg'>function.imagejpeg</a>]: Unable to open '/home/localhost/www/motocms/website_example/images/gallery/_preview/10p.jpg' for writing: Permission denied
	in file /home/localhost/www/motocms/website_example/admin/libs/Moto/MotoImgUtil.php:0
2012-01-11T09:32:55+04:00 ERR (3): [2] imagejpeg() [<a href='function.imagejpeg'>function.imagejpeg</a>]: Unable to open '/home/localhost/www/motocms/website_example/images/gallery/_preview/11p.jpg' for writing: Permission denied
	in file /home/localhost/www/motocms/website_example/admin/libs/Moto/MotoImgUtil.php:0
2012-01-11T09:32:55+04:00 ERR (3): [2] imagejpeg() [<a href='function.imagejpeg'>function.imagejpeg</a>]: Unable to open '/home/localhost/www/motocms/website_example/images/gallery/_preview/12p.jpg' for writing: Permission denied
	in file /home/localhost/www/motocms/website_example/admin/libs/Moto/MotoImgUtil.php:0
2012-01-11T09:32:56+04:00 ERR (3): [2] imagejpeg() [<a href='function.imagejpeg'>function.imagejpeg</a>]: Unable to open '/home/localhost/www/motocms/website_example/images/gallery/_preview/1p.jpg' for writing: Permission denied
	in file /home/localhost/www/motocms/website_example/admin/libs/Moto/MotoImgUtil.php:0
2012-01-11T09:32:56+04:00 ERR (3): [2] imagejpeg() [<a href='function.imagejpeg'>function.imagejpeg</a>]: Unable to open '/home/localhost/www/motocms/website_example/images/gallery/_preview/2p.jpg' for writing: Permission denied
	in file /home/localhost/www/motocms/website_example/admin/libs/Moto/MotoImgUtil.php:0
2012-01-11T09:32:56+04:00 ERR (3): [2] imagejpeg() [<a href='function.imagejpeg'>function.imagejpeg</a>]: Unable to open '/home/localhost/www/motocms/website_example/images/gallery/_preview/3p.jpg' for writing: Permission denied
	in file /home/localhost/www/motocms/website_example/admin/libs/Moto/MotoImgUtil.php:0
2012-01-11T09:32:56+04:00 ERR (3): [2] imagejpeg() [<a href='function.imagejpeg'>function.imagejpeg</a>]: Unable to open '/home/localhost/www/motocms/website_example/images/gallery/_preview/4p.jpg' for writing: Permission denied
	in file /home/localhost/www/motocms/website_example/admin/libs/Moto/MotoImgUtil.php:0
2012-01-11T09:32:56+04:00 ERR (3): [2] imagejpeg() [<a href='function.imagejpeg'>function.imagejpeg</a>]: Unable to open '/home/localhost/www/motocms/website_example/images/gallery/_preview/5p.jpg' for writing: Permission denied
	in file /home/localhost/www/motocms/website_example/admin/libs/Moto/MotoImgUtil.php:0
2012-01-11T09:32:56+04:00 ERR (3): [2] imagejpeg() [<a href='function.imagejpeg'>function.imagejpeg</a>]: Unable to open '/home/localhost/www/motocms/website_example/images/gallery/_preview/6p.jpg' for writing: Permission denied
	in file /home/localhost/www/motocms/website_example/admin/libs/Moto/MotoImgUtil.php:0
2012-01-11T09:32:56+04:00 ERR (3): [2] imagejpeg() [<a href='function.imagejpeg'>function.imagejpeg</a>]: Unable to open '/home/localhost/www/motocms/website_example/images/gallery/_preview/7p.jpg' for writing: Permission denied
	in file /home/localhost/www/motocms/website_example/admin/libs/Moto/MotoImgUtil.php:0
2012-01-11T09:32:56+04:00 ERR (3): [2] imagejpeg() [<a href='function.imagejpeg'>function.imagejpeg</a>]: Unable to open '/home/localhost/www/motocms/website_example/images/gallery/_preview/8p.jpg' for writing: Permission denied
	in file /home/localhost/www/motocms/website_example/admin/libs/Moto/MotoImgUtil.php:0
2012-01-11T09:32:56+04:00 ERR (3): [2] imagejpeg() [<a href='function.imagejpeg'>function.imagejpeg</a>]: Unable to open '/home/localhost/www/motocms/website_example/images/gallery/_preview/9p.jpg' for writing: Permission denied
	in file /home/localhost/www/motocms/website_example/admin/libs/Moto/MotoImgUtil.php:0
