This is TeX, Version 3.141592 (Web2C 7.5.6) (format=CochraneFmt2 2009.6.15)  15 JUN 2009 04:41
**/CT/content/repository_rendering/335/104437/104437
(/CT/content/repository_rendering/335/104437/104437.tex
(/CT/CochraneCMS/TexRendering5/Tags.sty
\savepenalty=\count144
)
\aux=\write0
\toc=\write1
 [1]
(/CT/CochraneCMS/TexRendering5/104437.aux)
\openout0 = `104437.aux'.


(/CT/CochraneCMS/TexRendering5/104437.toc
Page 1 short by 8.53177pt; can stretch by 0.30112pt; badness is 10000
 [1])
\openout1 = `104437.toc'.

 [2] [1]
sectABtitle: SUMMARY OF FINDINGS FOR THE MAIN COMPARISON; pageleft: 286.78076pt

[2]
Overfull \hbox (226.54541pt too wide) in paragraph at lines 363--363
[] 

\hbox(1.5056+23.15936)x463.72714 []


Overfull \hbox (226.54541pt too wide) in paragraph at lines 363--363
[] 

\hbox(0.4+23.42134)x463.72714 []


Overfull \hbox (226.54541pt too wide) in paragraph at lines 363--363
[] 

\hbox(0.4+23.42134)x463.72714 []


Overfull \hbox (226.54541pt too wide) in paragraph at lines 363--363
[] 

\hbox(0.4+23.42134)x463.72714 []


Overfull \hbox (226.54541pt too wide) in paragraph at lines 363--363
[] 

\hbox(0.4+23.42134)x463.72714 []


Overfull \hbox (226.54541pt too wide) in paragraph at lines 363--363
[] 

\hbox(0.4+23.42134)x463.72714 []


Overfull \hbox (226.54541pt too wide) in paragraph at lines 363--363
[] 

\hbox(0.4+23.42134)x463.72714 []


Overfull \hbox (226.54541pt too wide) in paragraph at lines 363--363
[] 

\hbox(0.4+21.44298)x463.72714 []

[3]
sectABtitle: BACKGROUND; pageleft: 610.27255pt
sectABtitle: OBJECTIVES; pageleft: 610.27255pt
sectABtitle: METHODS; pageleft: 610.27255pt
sectABtitle: RESULTS; pageleft: 610.27255pt
Page 4 short by 5.77148pt; can stretch by 0.0pt; badness is 10000
[4]
Page 5 short by 5.77148pt; can stretch by 0.0pt; badness is 10000
 [5]
Page 6 short by 5.77148pt; can stretch by 0.0pt; badness is 10000
 [6]
sectABtitle: DISCUSSION; pageleft: 266.27753pt
sectABtitle: AUTHORS' CONCLUSIONS; pageleft: 266.27753pt
sectABtitle: ACKNOWLEDGEMENTS; pageleft: 266.27753pt
[7] [8]
Page 9 short by 7.32729pt; can stretch by 0.60225pt; badness is 10000
 [9] [10]
Page 11 short by 5.26962pt; can stretch by 0.0pt; badness is 10000
 [11]
sectABtitle: CHARACTERISTICS OF STUDIES; pageleft: 467.20905pt
[12] [13] [14] [15] [16] [17] [18] [19] [20] [21] [22] [23] [24] [25] [26]
[27] [28] [29] [30] [31] [32] [33]
Page 34 short by 423.76064pt; can stretch by 0.0pt; badness is 10000
 [34]
sectABtitle: DATA AND ANALYSES; pageleft: 610.27255pt
[35] [36] [37] (./teximages/nCD000023-CMP-001-01.tex [38])
(./teximages/nCD000023-CMP-001-02.tex [39])
(./teximages/nCD000023-CMP-001-03.tex [40])
(./teximages/nCD000023-CMP-001-04.tex [41])
(./teximages/nCD000023-CMP-001-05.tex [42])
(./teximages/nCD000023-CMP-001-06.tex [43])
(./teximages/nCD000023-CMP-001-07.tex [44])
(./teximages/nCD000023-CMP-001-08.tex [45])
(./teximages/nCD000023-CMP-002-01.tex [46])
(./teximages/nCD000023-CMP-002-02.tex [47])
(./teximages/nCD000023-CMP-002-03.tex [48])
(./teximages/nCD000023-CMP-002-04.tex [49] [50])
(./teximages/nCD000023-CMP-002-05.tex [51])
(./teximages/nCD000023-CMP-002-06.tex [52])
(./teximages/nCD000023-CMP-002-07.tex [53] [54])
(./teximages/nCD000023-CMP-003-01.tex) (./teximages/nCD000023-CMP-003-02.tex
[55]) (./teximages/nCD000023-CMP-003-03.tex [56])
(./teximages/nCD000023-CMP-003-04.tex
Missing character: There is no ^^bf in font gnl!
Missing character: There is no ^^bf in font gnl!
 [57])
(./teximages/nCD000023-CMP-004-01.tex) (./teximages/nCD000023-CMP-004-02.tex
[58])
sectABtitle: APPENDICES; pageleft: 246.24895pt
[59]
sectABtitle: FEEDBACK; pageleft: 74.87878pt
[60] [61] [62]
sectABtitle: WHAT'S NEW; pageleft: 442.17813pt
hsize: 463.72714pt
sectABtitle: HISTORY; pageleft: 313.62563pt
hsize: 463.72714pt
[63]
sectABtitle: CONTRIBUTIONS OF AUTHORS; pageleft: 410.31223pt
sectABtitle: DECLARATIONS OF INTEREST; pageleft: 327.06778pt
sectABtitle: SOURCES OF SUPPORT; pageleft: 271.42612pt
sectABtitle: NOTES; pageleft: 89.92213pt
[64]
sectABtitle: INDEX TERMS; pageleft: 579.62498pt
lastpage is 65
[65] )
Output written on /CT/CochraneCMS/TexRendering5/104437.dvi (68 pages, 757468 by
tes).
