This is TeX, Version 3.141592 (Web2C 7.5.6) (format=CochraneFmt2 2009.6.15)  15 JUN 2009 04:42
**/CT/content/repository_rendering/335/104443/104443
(/CT/content/repository_rendering/335/104443/104443.tex
(/CT/CochraneCMS/TexRendering5/Tags.sty
\savepenalty=\count144
)
\aux=\write0
\toc=\write1
 [1]
(/CT/CochraneCMS/TexRendering5/104443.aux)
\openout0 = `104443.aux'.


(/CT/CochraneCMS/TexRendering5/104443.toc)
\openout1 = `104443.toc'.

 [1] [1]
sectABtitle: BACKGROUND; pageleft: 305.43756pt
sectABtitle: OBJECTIVES; pageleft: 305.43756pt
sectABtitle: METHODS; pageleft: 305.43756pt
sectABtitle: RESULTS; pageleft: 305.43756pt
[2]
Page 3 short by 5.77148pt; can stretch by 0.0pt; badness is 10000
 [3]
Page 4 short by 5.77148pt; can stretch by 0.0pt; badness is 10000
 [4]
Page 5 short by 5.77148pt; can stretch by 0.0pt; badness is 10000
 [5]
Page 6 short by 5.77148pt; can stretch by 0.0pt; badness is 10000
 [6]
Page 7 short by 5.77148pt; can stretch by 0.0pt; badness is 10000
 [7]
hsize: 463.72714pt

Overfull \hbox (35.62746pt too wide) in paragraph at lines 440--440
\ninerm http://www.dcn.ed.ac.uk/csrg/NNT2.asp 

\hbox(6.5223+2.43004)x108.4318 []


Overfull \hbox (35.62746pt too wide) in paragraph at lines 440--440
\ninerm http://www.dcn.ed.ac.uk/csrg/NNT2.asp 

\hbox(6.5223+2.43004)x108.4318 []

sectABtitle: DISCUSSION; pageleft: 41.37001pt
sectABtitle: AUTHORS' CONCLUSIONS; pageleft: 41.37001pt
sectABtitle: ACKNOWLEDGEMENTS; pageleft: 41.37001pt
[8]
Page 9 short by 5.77148pt; can stretch by 0.0pt; badness is 10000
 [9]
Page 10 short by 5.77148pt; can stretch by 0.0pt; badness is 10000
 [10]
Page 11 short by 5.77148pt; can stretch by 0.0pt; badness is 10000
 [11]
Page 12 short by 5.77148pt; can stretch by 0.0pt; badness is 10000
 [12] [13]
Page 14 short by 7.32729pt; can stretch by 0.60225pt; badness is 10000
 [14] [15]
Page 16 short by 5.26962pt; can stretch by 0.0pt; badness is 10000
 [16]
sectABtitle: CHARACTERISTICS OF STUDIES; pageleft: 379.96143pt
[17] [18] [19]
Page 20 short by 41.45328pt; can stretch by 0.0pt; badness is 10000
 [20]
Overfull \hbox (93.41936pt too wide) detected at line 1283
[]|||[]|[]     [] []| []|||[]    []  []

\hbox(0.0+56.62126)x463.72714 []

[21]
Overfull \vbox (0.74928pt too high) detected at line 1507

\vbox(53.15332+0.0)x362.31778 []

Page 22 short by 41.45328pt; can stretch by 0.0pt; badness is 10000
[22]
Overfull \hbox (93.41936pt too wide) detected at line 1507
[]|||[]|[]     [] []| []|||[]    []  []

\hbox(0.0+37.39163)x463.72714 []

[23]
Overfull \vbox (1.66165pt too high) detected at line 1843

\vbox(52.15964+0.0)x362.31778 []

Page 24 short by 41.45328pt; can stretch by 0.0pt; badness is 10000
[24]
Overfull \hbox (93.41936pt too wide) detected at line 1843
[]|||[]|[]     [] []| []|||[]    []  []

\hbox(0.0+59.25804)x463.72714 []

[25] [26] [27] [28] [29] [30] [31] [32] [33]
sectABtitle: DATA AND ANALYSES; pageleft: 610.27255pt
[34] (./teximages/nCD000029-CMP-001-01.tex
! Undefined entity: ^^b6.
^^c3#1->\errmessage {Undefined entity: #1}
                                          
<argument> ...eak \vskip 5bp} \kern 8.6bpR^^c3^^b6
                                                  d^^c3^^a9n-J^^c3^^bcllig 2...

\doProcessTable ...penalty 9999\relax }\tablerm #1
                                                  }\getpageleft \ifdim \page...
l.83 }}
       
This error message was generated by an \errmessage
command, so I can't give any explicit help.
Pretend that you're Hercule Poirot: Examine all clues,
and deduce the truth by order and method.

! Undefined entity: ^^a9.
^^c3#1->\errmessage {Undefined entity: #1}
                                          
<argument> ...p 5bp} \kern 8.6bpR^^c3^^b6d^^c3^^a9
                                                  n-J^^c3^^bcllig 2003&38/22...

\doProcessTable ...penalty 9999\relax }\tablerm #1
                                                  }\getpageleft \ifdim \page...
l.83 }}
       
(That was another \errmessage.)

! Undefined entity: ^^bc.
^^c3#1->\errmessage {Undefined entity: #1}
                                          
<argument> ...n 8.6bpR^^c3^^b6d^^c3^^a9n-J^^c3^^bc
                                                  llig 2003&38/220&32/221&\s...

\doProcessTable ...penalty 9999\relax }\tablerm #1
                                                  }\getpageleft \ifdim \page...
l.83 }}
       
(That was another \errmessage.)

) [35] (./teximages/nCD000029-CMP-001-02.tex
! Undefined entity: ^^b6.
^^c3#1->\errmessage {Undefined entity: #1}
                                          
<argument> ...eak \vskip 5bp} \kern 8.6bpR^^c3^^b6
                                                  d^^c3^^a9n-J^^c3^^bcllig 2...

\doProcessTable ...penalty 9999\relax }\tablerm #1
                                                  }\getpageleft \ifdim \page...
l.105 }}
        
(That was another \errmessage.)

! Undefined entity: ^^a9.
^^c3#1->\errmessage {Undefined entity: #1}
                                          
<argument> ...p 5bp} \kern 8.6bpR^^c3^^b6d^^c3^^a9
                                                  n-J^^c3^^bcllig 2003&2/220...

\doProcessTable ...penalty 9999\relax }\tablerm #1
                                                  }\getpageleft \ifdim \page...
l.105 }}
        
(That was another \errmessage.)

! Undefined entity: ^^bc.
^^c3#1->\errmessage {Undefined entity: #1}
                                          
<argument> ...n 8.6bpR^^c3^^b6d^^c3^^a9n-J^^c3^^bc
                                                  llig 2003&2/220&0/221&\spe...

\doProcessTable ...penalty 9999\relax }\tablerm #1
                                                  }\getpageleft \ifdim \page...
l.105 }}
        
(That was another \errmessage.)

[36] [37]) (./teximages/nCD000029-CMP-001-03.tex
! Undefined entity: ^^b6.
^^c3#1->\errmessage {Undefined entity: #1}
                                          
<argument> ...eak \vskip 5bp} \kern 8.6bpR^^c3^^b6
                                                  d^^c3^^a9n-J^^c3^^bcllig 2...

\doProcessTable ...penalty 9999\relax }\tablerm #1
                                                  }\getpageleft \ifdim \page...
l.111 }}
        
(That was another \errmessage.)

! Undefined entity: ^^a9.
^^c3#1->\errmessage {Undefined entity: #1}
                                          
<argument> ...p 5bp} \kern 8.6bpR^^c3^^b6d^^c3^^a9
                                                  n-J^^c3^^bcllig 2003&15/22...

\doProcessTable ...penalty 9999\relax }\tablerm #1
                                                  }\getpageleft \ifdim \page...
l.111 }}
        
(That was another \errmessage.)

! Undefined entity: ^^bc.
^^c3#1->\errmessage {Undefined entity: #1}
                                          
<argument> ...n 8.6bpR^^c3^^b6d^^c3^^a9n-J^^c3^^bc
                                                  llig 2003&15/220&12/221&\s...

\doProcessTable ...penalty 9999\relax }\tablerm #1
                                                  }\getpageleft \ifdim \page...
l.111 }}
        
(That was another \errmessage.)

[38]) (./teximages/nCD000029-CMP-001-04.tex [39])
(./teximages/nCD000029-CMP-001-05.tex [40] [41])
(./teximages/nCD000029-CMP-001-06.tex [42])
(./teximages/nCD000029-CMP-001-07.tex [43] [44])
(./teximages/nCD000029-CMP-001-08.tex [45])
(./teximages/nCD000029-CMP-001-09.tex [46] [47])
(./teximages/nCD000029-CMP-001-10.tex [48])
sectABtitle: APPENDICES; pageleft: 451.04385pt
[49] [50]
sectABtitle: FEEDBACK; pageleft: 230.2454pt
[51]
sectABtitle: WHAT'S NEW; pageleft: 532.22743pt
hsize: 463.72714pt
sectABtitle: HISTORY; pageleft: 403.57556pt
hsize: 463.72714pt
sectABtitle: CONTRIBUTIONS OF AUTHORS; pageleft: 149.85957pt
sectABtitle: DECLARATIONS OF INTEREST; pageleft: 31.88681pt
[52]
sectABtitle: SOURCES OF SUPPORT; pageleft: 510.46645pt
sectABtitle: INDEX TERMS; pageleft: 332.28685pt
lastpage is 53
[53] )
Output written on /CT/CochraneCMS/TexRendering5/104443.dvi (55 pages, 800944 by
tes).
