This is TeX, Version 3.141592 (Web2C 7.5.6) (format=CochraneFmt2 2009.6.15)  15 JUN 2009 04:40
**/CT/content/repository_rendering/335/104430/104430
(/CT/content/repository_rendering/335/104430/104430.tex
(/CT/CochraneCMS/TexRendering5/Tags.sty
\savepenalty=\count144
)
\aux=\write0
\toc=\write1
 [1]
(/CT/CochraneCMS/TexRendering5/104430.aux)
\openout0 = `104430.aux'.


(/CT/CochraneCMS/TexRendering5/104430.toc)
\openout1 = `104430.toc'.

 [1] [1]
sectABtitle: BACKGROUND; pageleft: 457.22769pt
sectABtitle: OBJECTIVES; pageleft: 457.22769pt
sectABtitle: METHODS; pageleft: 457.22769pt
sectABtitle: RESULTS; pageleft: 457.22769pt
sectABtitle: DISCUSSION; pageleft: 457.22769pt
sectABtitle: AUTHORS' CONCLUSIONS; pageleft: 457.22769pt
sectABtitle: ACKNOWLEDGEMENTS; pageleft: 457.22769pt
[2]
Page 3 short by 5.77148pt; can stretch by 0.0pt; badness is 10000
 [3]
Page 4 short by 5.77148pt; can stretch by 0.0pt; badness is 10000
 [4]
Page 5 short by 5.77148pt; can stretch by 0.0pt; badness is 10000
 [5]
Page 6 short by 5.77148pt; can stretch by 0.0pt; badness is 10000
 [6]
Page 7 short by 5.77148pt; can stretch by 0.0pt; badness is 10000
 [7] [8] [9] [10] [11]
Overfull \hbox (4.99811pt too wide) in paragraph at lines 742--742
 \eightit //www.who.int/medicines/organization/par/edl/Report2002version14.doc

\hbox(5.79759+2.16003)x225.84114 []

[12] [13]
sectABtitle: CHARACTERISTICS OF STUDIES; pageleft: 366.33868pt
[14] [15] [16] [17] [18] [19] [20] [21] [22] [23] [24] [25] [26] [27] [28]
[29] [30] [31]
sectABtitle: DATA AND ANALYSES; pageleft: 610.27255pt
[32] (./teximages/nCD000016-CMP-001-01.tex
! Undefined entity: ^^a9.
^^c3#1->\errmessage {Undefined entity: #1}
                                          
<argument> ...eak \vskip 5bp} \kern 8.6bpS^^c3^^a9
                                                  n^^c3^^a9gal-Diohine 1996&...

\doProcessTable ...penalty 9999\relax }\tablerm #1
                                                  }\getpageleft \ifdim \page...
l.151 }}
        
This error message was generated by an \errmessage
command, so I can't give any explicit help.
Pretend that you're Hercule Poirot: Examine all clues,
and deduce the truth by order and method.

! Undefined entity: ^^a9.
^^c3#1->\errmessage {Undefined entity: #1}
                                          
<argument> ...p 5bp} \kern 8.6bpS^^c3^^a9n^^c3^^a9
                                                  gal-Diohine 1996&79/87&59/...

\doProcessTable ...penalty 9999\relax }\tablerm #1
                                                  }\getpageleft \ifdim \page...
l.151 }}
        
(That was another \errmessage.)

! Undefined entity: ^^a9.
^^c3#1->\errmessage {Undefined entity: #1}
                                          
<argument> ...eak \vskip 5bp} \kern 8.6bpS^^c3^^a9
                                                  n^^c3^^a9gal-Diohine 1996&...

\doProcessTable ...penalty 9999\relax }\tablerm #1
                                                  }\getpageleft \ifdim \page...
l.151 }}
        
(That was another \errmessage.)

! Undefined entity: ^^a9.
^^c3#1->\errmessage {Undefined entity: #1}
                                          
<argument> ...p 5bp} \kern 8.6bpS^^c3^^a9n^^c3^^a9
                                                  gal-Diohine 1996&73/87&47/...

\doProcessTable ...penalty 9999\relax }\tablerm #1
                                                  }\getpageleft \ifdim \page...
l.151 }}
        
(That was another \errmessage.)

[33] [34] [35]) (./teximages/nCD000016-CMP-001-02.tex)
(./teximages/nCD000016-CMP-002-01.tex
! Undefined entity: ^^a9.
^^c3#1->\errmessage {Undefined entity: #1}
                                          
<argument> ...5bp} \kern 8.6bpCameroon-Hev^^c3^^a9
                                                  cam88-9&46/55&40/58&\speci...

\doProcessTable ...penalty 9999\relax }\tablerm #1
                                                  }\getpageleft \ifdim \page...
l.47 }}
       
(That was another \errmessage.)

[36]) (./teximages/nCD000016-CMP-003-01.tex
! Undefined entity: ^^a9.
^^c3#1->\errmessage {Undefined entity: #1}
                                          
<argument> ...eak \vskip 5bp} \kern 8.6bpS^^c3^^a9
                                                  n^^c3^^a9gal-Diohine 1996&...

\doProcessTable ...penalty 9999\relax }\tablerm #1
                                                  }\getpageleft \ifdim \page...
l.123 }}
        
(That was another \errmessage.)

! Undefined entity: ^^a9.
^^c3#1->\errmessage {Undefined entity: #1}
                                          
<argument> ...p 5bp} \kern 8.6bpS^^c3^^a9n^^c3^^a9
                                                  gal-Diohine 1996&79/87&92/...

\doProcessTable ...penalty 9999\relax }\tablerm #1
                                                  }\getpageleft \ifdim \page...
l.123 }}
        
(That was another \errmessage.)

! Undefined entity: ^^a9.
^^c3#1->\errmessage {Undefined entity: #1}
                                          
<argument> ...reak } \kern 8.6bpCameroon-H^^c3^^a9
                                                  v^^c3^^a9cam2001&58/61&62/...

\doProcessTable ...penalty 9999\relax }\tablerm #1
                                                  }\getpageleft \ifdim \page...
l.123 }}
        
(That was another \errmessage.)

! Undefined entity: ^^a9.
^^c3#1->\errmessage {Undefined entity: #1}
                                          
<argument> ...ern 8.6bpCameroon-H^^c3^^a9v^^c3^^a9
                                                  cam2001&58/61&62/62&\speci...

\doProcessTable ...penalty 9999\relax }\tablerm #1
                                                  }\getpageleft \ifdim \page...
l.123 }}
        
(That was another \errmessage.)

! Undefined entity: ^^a9.
^^c3#1->\errmessage {Undefined entity: #1}
                                          
<argument> ...eak \vskip 5bp} \kern 8.6bpS^^c3^^a9
                                                  n^^c3^^a9gal-Diohine 1996&...

\doProcessTable ...penalty 9999\relax }\tablerm #1
                                                  }\getpageleft \ifdim \page...
l.123 }}
        
(That was another \errmessage.)

! Undefined entity: ^^a9.
^^c3#1->\errmessage {Undefined entity: #1}
                                          
<argument> ...p 5bp} \kern 8.6bpS^^c3^^a9n^^c3^^a9
                                                  gal-Diohine 1996&73/87&88/...

\doProcessTable ...penalty 9999\relax }\tablerm #1
                                                  }\getpageleft \ifdim \page...
l.123 }}
        
(That was another \errmessage.)

! Undefined entity: ^^a9.
^^c3#1->\errmessage {Undefined entity: #1}
                                          
<argument> ...reak } \kern 8.6bpCameroon-H^^c3^^a9
                                                  v^^c3^^a9cam2001&51/59&50/...

\doProcessTable ...penalty 9999\relax }\tablerm #1
                                                  }\getpageleft \ifdim \page...
l.123 }}
        
(That was another \errmessage.)

! Undefined entity: ^^a9.
^^c3#1->\errmessage {Undefined entity: #1}
                                          
<argument> ...ern 8.6bpCameroon-H^^c3^^a9v^^c3^^a9
                                                  cam2001&51/59&50/59&\speci...

\doProcessTable ...penalty 9999\relax }\tablerm #1
                                                  }\getpageleft \ifdim \page...
l.123 }}
        
(That was another \errmessage.)

[37] [38]) (./teximages/nCD000016-CMP-003-02.tex [39])
(./teximages/nCD000016-CMP-004-01.tex
! Undefined entity: ^^a9.
^^c3#1->\errmessage {Undefined entity: #1}
                                          
<argument> ...eak \vskip 5bp} \kern 8.6bpS^^c3^^a9
                                                  n^^c3^^a9gal-Diohine 1996&...

\doProcessTable ...penalty 9999\relax }\tablerm #1
                                                  }\getpageleft \ifdim \page...
l.141 }}
        
(That was another \errmessage.)

! Undefined entity: ^^a9.
^^c3#1->\errmessage {Undefined entity: #1}
                                          
<argument> ...p 5bp} \kern 8.6bpS^^c3^^a9n^^c3^^a9
                                                  gal-Diohine 1996&79/87&59/...

\doProcessTable ...penalty 9999\relax }\tablerm #1
                                                  }\getpageleft \ifdim \page...
l.141 }}
        
(That was another \errmessage.)

! Undefined entity: ^^a9.
^^c3#1->\errmessage {Undefined entity: #1}
                                          
<argument> ...eak \vskip 5bp} \kern 8.6bpS^^c3^^a9
                                                  n^^c3^^a9gal-Diohine 1996&...

\doProcessTable ...penalty 9999\relax }\tablerm #1
                                                  }\getpageleft \ifdim \page...
l.141 }}
        
(That was another \errmessage.)

! Undefined entity: ^^a9.
^^c3#1->\errmessage {Undefined entity: #1}
                                          
<argument> ...p 5bp} \kern 8.6bpS^^c3^^a9n^^c3^^a9
                                                  gal-Diohine 1996&73/87&47/...

\doProcessTable ...penalty 9999\relax }\tablerm #1
                                                  }\getpageleft \ifdim \page...
l.141 }}
        
(That was another \errmessage.)

[40] [41]) (./teximages/nCD000016-CMP-005-01.tex
! Undefined entity: ^^a9.
^^c3#1->\errmessage {Undefined entity: #1}
                                          
<argument> ...eak \vskip 5bp} \kern 8.6bpS^^c3^^a9
                                                  n^^c3^^a9gal-Diohine 1996&...

\doProcessTable ...penalty 9999\relax }\tablerm #1
                                                  }\getpageleft \ifdim \page...
l.115 }}
        
(That was another \errmessage.)

! Undefined entity: ^^a9.
^^c3#1->\errmessage {Undefined entity: #1}
                                          
<argument> ...p 5bp} \kern 8.6bpS^^c3^^a9n^^c3^^a9
                                                  gal-Diohine 1996&79/87&92/...

\doProcessTable ...penalty 9999\relax }\tablerm #1
                                                  }\getpageleft \ifdim \page...
l.115 }}
        
(That was another \errmessage.)

! Undefined entity: ^^a9.
^^c3#1->\errmessage {Undefined entity: #1}
                                          
<argument> ...reak } \kern 8.6bpCameroon-H^^c3^^a9
                                                  v^^c3^^a9cam2001&58/61&62/...

\doProcessTable ...penalty 9999\relax }\tablerm #1
                                                  }\getpageleft \ifdim \page...
l.115 }}
        
(That was another \errmessage.)

! Undefined entity: ^^a9.
^^c3#1->\errmessage {Undefined entity: #1}
                                          
<argument> ...ern 8.6bpCameroon-H^^c3^^a9v^^c3^^a9
                                                  cam2001&58/61&62/62&\speci...

\doProcessTable ...penalty 9999\relax }\tablerm #1
                                                  }\getpageleft \ifdim \page...
l.115 }}
        
(That was another \errmessage.)

! Undefined entity: ^^a9.
^^c3#1->\errmessage {Undefined entity: #1}
                                          
<argument> ...eak \vskip 5bp} \kern 8.6bpS^^c3^^a9
                                                  n^^c3^^a9gal-Diohine 1996&...

\doProcessTable ...penalty 9999\relax }\tablerm #1
                                                  }\getpageleft \ifdim \page...
l.115 }}
        
(That was another \errmessage.)

! Undefined entity: ^^a9.
^^c3#1->\errmessage {Undefined entity: #1}
                                          
<argument> ...p 5bp} \kern 8.6bpS^^c3^^a9n^^c3^^a9
                                                  gal-Diohine 1996&73/87&88/...

\doProcessTable ...penalty 9999\relax }\tablerm #1
                                                  }\getpageleft \ifdim \page...
l.115 }}
        
(That was another \errmessage.)

! Undefined entity: ^^a9.
^^c3#1->\errmessage {Undefined entity: #1}
                                          
<argument> ...reak } \kern 8.6bpCameroon-H^^c3^^a9
                                                  v^^c3^^a9cam2001&51/59&50/...

\doProcessTable ...penalty 9999\relax }\tablerm #1
                                                  }\getpageleft \ifdim \page...
l.115 }}
        
(That was another \errmessage.)

! Undefined entity: ^^a9.
^^c3#1->\errmessage {Undefined entity: #1}
                                          
<argument> ...ern 8.6bpCameroon-H^^c3^^a9v^^c3^^a9
                                                  cam2001&51/59&50/59&\speci...

\doProcessTable ...penalty 9999\relax }\tablerm #1
                                                  }\getpageleft \ifdim \page...
l.115 }}
        
(That was another \errmessage.)

[42] [43]) (./teximages/nCD000016-CMP-006-01.tex
! Undefined entity: ^^a9.
^^c3#1->\errmessage {Undefined entity: #1}
                                          
<argument> ...eak \vskip 5bp} \kern 8.6bpS^^c3^^a9
                                                  n^^c3^^a9gal-Diohine 1996&...

\doProcessTable ...penalty 9999\relax }\tablerm #1
                                                  }\getpageleft \ifdim \page...
l.97 }}
       
(That was another \errmessage.)

! Undefined entity: ^^a9.
^^c3#1->\errmessage {Undefined entity: #1}
                                          
<argument> ...p 5bp} \kern 8.6bpS^^c3^^a9n^^c3^^a9
                                                  gal-Diohine 1996&79/87&92/...

\doProcessTable ...penalty 9999\relax }\tablerm #1
                                                  }\getpageleft \ifdim \page...
l.97 }}
       
(That was another \errmessage.)

! Undefined entity: ^^a9.
^^c3#1->\errmessage {Undefined entity: #1}
                                          
<argument> ...reak } \kern 8.6bpCameroon-H^^c3^^a9
                                                  v^^c3^^a9cam2001&58/61&62/...

\doProcessTable ...penalty 9999\relax }\tablerm #1
                                                  }\getpageleft \ifdim \page...
l.97 }}
       
(That was another \errmessage.)

! Undefined entity: ^^a9.
^^c3#1->\errmessage {Undefined entity: #1}
                                          
<argument> ...ern 8.6bpCameroon-H^^c3^^a9v^^c3^^a9
                                                  cam2001&58/61&62/62&\speci...

\doProcessTable ...penalty 9999\relax }\tablerm #1
                                                  }\getpageleft \ifdim \page...
l.97 }}
       
(That was another \errmessage.)

! Undefined entity: ^^a9.
^^c3#1->\errmessage {Undefined entity: #1}
                                          
<argument> ...eak \vskip 5bp} \kern 8.6bpS^^c3^^a9
                                                  n^^c3^^a9gal-Diohine 1996&...

\doProcessTable ...penalty 9999\relax }\tablerm #1
                                                  }\getpageleft \ifdim \page...
l.97 }}
       
(That was another \errmessage.)

! Undefined entity: ^^a9.
^^c3#1->\errmessage {Undefined entity: #1}
                                          
<argument> ...p 5bp} \kern 8.6bpS^^c3^^a9n^^c3^^a9
                                                  gal-Diohine 1996&73/87&88/...

\doProcessTable ...penalty 9999\relax }\tablerm #1
                                                  }\getpageleft \ifdim \page...
l.97 }}
       
(That was another \errmessage.)

! Undefined entity: ^^a9.
^^c3#1->\errmessage {Undefined entity: #1}
                                          
<argument> ...reak } \kern 8.6bpCameroon-H^^c3^^a9
                                                  v^^c3^^a9cam2001&51/59&50/...

\doProcessTable ...penalty 9999\relax }\tablerm #1
                                                  }\getpageleft \ifdim \page...
l.97 }}
       
(That was another \errmessage.)

! Undefined entity: ^^a9.
^^c3#1->\errmessage {Undefined entity: #1}
                                          
<argument> ...ern 8.6bpCameroon-H^^c3^^a9v^^c3^^a9
                                                  cam2001&51/59&50/59&\speci...

\doProcessTable ...penalty 9999\relax }\tablerm #1
                                                  }\getpageleft \ifdim \page...
l.97 }}
       
(That was another \errmessage.)

[44] [45])
sectABtitle: WHAT'S NEW; pageleft: 407.88293pt
hsize: 463.72714pt
sectABtitle: HISTORY; pageleft: 293.1499pt
hsize: 463.72714pt
[46]
sectABtitle: CONTRIBUTIONS OF AUTHORS; pageleft: 468.7583pt
sectABtitle: DECLARATIONS OF INTEREST; pageleft: 387.62773pt
sectABtitle: SOURCES OF SUPPORT; pageleft: 316.0437pt
sectABtitle: NOTES; pageleft: 148.36821pt
sectABtitle: INDEX TERMS; pageleft: 90.44104pt
[47]
lastpage is 48
[48] )
Output written on /CT/CochraneCMS/TexRendering5/104430.dvi (50 pages, 419772 by
tes).
