This is TeX, Version 3.141592 (Web2C 7.5.6) (format=CochraneFmt2 2009.6.15)  15 JUN 2009 04:44
**/CT/content/repository_rendering/335/104453/104453
(/CT/content/repository_rendering/335/104453/104453.tex
(/CT/CochraneCMS/TexRendering5/Tags.sty
\savepenalty=\count144
)
\aux=\write0
\toc=\write1
 [1]
(/CT/CochraneCMS/TexRendering5/104453.aux)
\openout0 = `104453.aux'.


(/CT/CochraneCMS/TexRendering5/104453.toc)
\openout1 = `104453.toc'.

 [1] [1]
sectABtitle: BACKGROUND; pageleft: 328.52353pt
sectABtitle: OBJECTIVES; pageleft: 328.52353pt
sectABtitle: METHODS; pageleft: 328.52353pt
sectABtitle: RESULTS; pageleft: 328.52353pt
sectABtitle: DISCUSSION; pageleft: 328.52353pt
sectABtitle: AUTHORS' CONCLUSIONS; pageleft: 328.52353pt
sectABtitle: ACKNOWLEDGEMENTS; pageleft: 328.52353pt
[2]
Page 3 short by 5.77148pt; can stretch by 0.0pt; badness is 10000
 [3]
Page 4 short by 5.77148pt; can stretch by 0.0pt; badness is 10000
 [4]
Page 5 short by 5.77148pt; can stretch by 0.0pt; badness is 10000
 [5]
Page 6 short by 5.77148pt; can stretch by 0.0pt; badness is 10000
 [6]
Page 7 short by 5.77148pt; can stretch by 0.0pt; badness is 10000
 [7] [8] [9] [10]
Page 11 short by 5.26962pt; can stretch by 0.0pt; badness is 10000
 [11]
Page 12 short by 5.26962pt; can stretch by 0.0pt; badness is 10000
 [12]
sectABtitle: CHARACTERISTICS OF STUDIES; pageleft: 526.49783pt
[13]
Page 14 short by 44.61511pt; can stretch by 6.3235pt; badness is 10000
 [14]
Overfull \hbox (93.41936pt too wide) detected at line 823
[]|||[]|[]     [] []| []|||[]    []  []

\hbox(0.0+32.18326)x463.72714 []

[15]
! Undefined entity: ^^88^^93.
^^e2#1#2->\errmessage {Undefined entity: #1#2}
                                              
\TABULARcelldataiii_i ...ls within 70 ^^e2^^88^^93
                                                   20 hours of cerebral infa...

\cell ... \endcsname {1}\fi \setbox \@ne \hbox {#1
                                                  }\calccellwidth {\wd \@ne ...

\bodyCell ...umeral \loopcntTmpSecond \endcsname }
                                                  \else \cell {\ifnum \loopc...

\nextCell ->\bodyCell 
                      \let \nextCell =\iterateCell \else \let \nextCell =\re...

\row ...romannumeral \currownum \endcsname {0pt}#1
                                                  \ifnum \csname maxrowspan_...
...
l.1047 </tbody>
               
This error message was generated by an \errmessage
command, so I can't give any explicit help.
Pretend that you're Hercule Poirot: Examine all clues,
and deduce the truth by order and method.

! Undefined entity: ^^88^^93.
^^e2#1#2->\errmessage {Undefined entity: #1#2}
                                              
\TABULARcelldataiii_i ...ls within 70 ^^e2^^88^^93
                                                   20 hours of cerebral infa...

\cell ... \curtextcellwidth \vskip \cellvmargin #1
                                                  \vskip \cellvmargin \geten...

\bodyCell ...umeral \loopcntTmpSecond \endcsname }
                                                  \else \cell {\ifnum \loopc...

\nextCell ->\bodyCell 
                      \let \nextCell =\iterateCell \else \let \nextCell =\re...

\row ...romannumeral \currownum \endcsname {0pt}#1
                                                  \ifnum \csname maxrowspan_...
...
l.1047 </tbody>
               
(That was another \errmessage.)

! Undefined entity: ^^88^^93.
^^e2#1#2->\errmessage {Undefined entity: #1#2}
                                              
\TABULARcelldataiii_i ...ls within 70 ^^e2^^88^^93
                                                   20 hours of cerebral infa...

\createcell ...daryRule \fi \vskip \cellvmargin #1
                                                  \vskip \cellvmargin \else ...

\bodyCell ...umeral \loopcntTmpSecond \endcsname }
                                                  \else \cell {\ifnum \loopc...

\nextCell ->\bodyCell 
                      \let \nextCell =\iterateCell \else \let \nextCell =\re...

\row ...um \currownum \advance \nextrownum \@ne #1
                                                  \loopInA \ifnum \curcolnum...
...
l.1047 </tbody>
               
(That was another \errmessage.)

[16] [17] [18]
Page 19 short by 41.45328pt; can stretch by 0.0pt; badness is 10000
 [19]
Overfull \hbox (93.41936pt too wide) detected at line 1607
[]|||[]|[]     [] []| []|||[]    []  []

\hbox(0.0+26.88747)x463.72714 []

[20] [21] [22]
Page 23 short by 41.45328pt; can stretch by 0.0pt; badness is 10000
 [23]
Overfull \hbox (93.41936pt too wide) detected at line 2167
[]|||[]|[]     [] []| []|||[]    []  []

\hbox(0.0+28.19736)x463.72714 []

[24] [25] [26] [27] [28] [29] [30] [31] [32]
sectABtitle: DATA AND ANALYSES; pageleft: 610.27255pt
[33]
Page 34 short by 7.88385pt; can stretch by 0.0pt; badness is 10000
 [34]
Page 35 short by 9.8913pt; can stretch by 0.0pt; badness is 10000
 [35] [36] (./teximages/nCD000039-CMP-001-01.tex [37])
(./teximages/nCD000039-CMP-001-02.tex [38])
(./teximages/nCD000039-CMP-001-03.tex [39])
(./teximages/nCD000039-CMP-001-04.tex [40] [41])
(./teximages/nCD000039-CMP-001-05.tex [42] [43])
(./teximages/nCD000039-CMP-001-06.tex [44])
(./teximages/nCD000039-CMP-001-07.tex [45] [46])
(./teximages/nCD000039-CMP-001-08.tex [47])
(./teximages/nCD000039-CMP-001-09.tex [48])
(./teximages/nCD000039-CMP-001-10.tex [49])
(./teximages/nCD000039-CMP-001-11.tex [50])
(./teximages/nCD000039-CMP-001-12.tex [51])
(./teximages/nCD000039-CMP-001-13.tex [52] [53])
(./teximages/nCD000039-CMP-001-14.tex [54])
(./teximages/nCD000039-CMP-001-15.tex) (./teximages/nCD000039-CMP-001-16.tex
[55] [56]) (./teximages/nCD000039-CMP-001-17.tex [57])
(./teximages/nCD000039-CMP-001-18.tex [58])
(./teximages/nCD000039-CMP-001-19.tex [59])
Page 60 short by 22.75528pt; can stretch by 27.32669pt; badness is 10000
 [60]
(./teximages/nCD000039-CMP-001-20.tex) (./teximages/nCD000039-CMP-001-21.tex
[61]) (./teximages/nCD000039-CMP-002-01.tex)
(./teximages/nCD000039-CMP-002-02.tex [62])
(./teximages/nCD000039-CMP-002-03.tex) (./teximages/nCD000039-CMP-002-04.tex
[63]) (./teximages/nCD000039-CMP-002-05.tex)
(./teximages/nCD000039-CMP-002-06.tex [64])
sectABtitle: APPENDICES; pageleft: 408.95369pt
[65]
Page 66 short by 23.08597pt; can stretch by 6.3235pt; badness is 10000
 [66]
Page 67 short by 6.77524pt; can stretch by 0.0pt; badness is 10000
 [67] [68] [69]
sectABtitle: FEEDBACK; pageleft: 576.53493pt
sectABtitle: WHAT'S NEW; pageleft: 283.71495pt
hsize: 463.72714pt
sectABtitle: HISTORY; pageleft: 164.51929pt
hsize: 463.72714pt
[70]
sectABtitle: CONTRIBUTIONS OF AUTHORS; pageleft: 365.53792pt
sectABtitle: DECLARATIONS OF INTEREST; pageleft: 287.09993pt
sectABtitle: SOURCES OF SUPPORT; pageleft: 206.18616pt
[71]
sectABtitle: INDEX TERMS; pageleft: 528.25012pt
lastpage is 72
[72] )
Output written on /CT/CochraneCMS/TexRendering5/104453.dvi (74 pages, 1152804 b
ytes).
