This is TeX, Version 3.141592 (Web2C 7.5.6) (format=CochraneFmt2 2009.6.15)  15 JUN 2009 04:40
**/CT/content/repository_rendering/335/104422/104422
(/CT/content/repository_rendering/335/104422/104422.tex
(/CT/CochraneCMS/TexRendering5/Tags.sty
\savepenalty=\count144
)
\aux=\write0
\toc=\write1
 [1]
(/CT/CochraneCMS/TexRendering5/104422.aux)
\openout0 = `104422.aux'.


(/CT/CochraneCMS/TexRendering5/104422.toc
Page 1 short by 8.53177pt; can stretch by 0.30112pt; badness is 10000
 [1])
\openout1 = `104422.toc'.

 [2] [1]
sectABtitle: BACKGROUND; pageleft: 340.06651pt
sectABtitle: OBJECTIVES; pageleft: 340.06651pt
sectABtitle: METHODS; pageleft: 340.06651pt
sectABtitle: RESULTS; pageleft: 340.06651pt
[2]
Page 3 short by 5.77148pt; can stretch by 0.0pt; badness is 10000
 [3]
hsize: 463.72714pt
[4]
sectABtitle: DISCUSSION; pageleft: 380.26964pt
sectABtitle: AUTHORS' CONCLUSIONS; pageleft: 380.26964pt
sectABtitle: ACKNOWLEDGEMENTS; pageleft: 380.26964pt
[5]
Page 6 short by 5.77148pt; can stretch by 0.0pt; badness is 10000
 [6]
Page 7 short by 5.77148pt; can stretch by 0.0pt; badness is 10000
 [7] [8]
Page 9 short by 7.32729pt; can stretch by 0.60225pt; badness is 10000
 [9] [10]
sectABtitle: CHARACTERISTICS OF STUDIES; pageleft: 267.14412pt
[11] [12] [13] [14] [15] [16] [17] [18]
Page 19 short by 41.45328pt; can stretch by 0.0pt; badness is 10000
 [19]
Page 20 short by 41.45328pt; can stretch by 0.0pt; badness is 10000
 [20]
Overfull \hbox (153.25237pt too wide) detected at line 1968
[]|||[]|[]     [] []| []|||[]    []  []

\hbox(0.0+80.88126)x463.72714 []

[21]
Page 22 short by 41.45328pt; can stretch by 0.0pt; badness is 10000
 [22]
Overfull \vbox (5.42096pt too high) detected at line 2313

\vbox(69.724+0.0)x302.48477 []


Overfull \hbox (153.25237pt too wide) detected at line 2313
[]|||[]|[]     [] []| []|||[]    []  []

\hbox(0.0+69.724)x463.72714 []

Page 23 short by 41.45328pt; can stretch by 0.0pt; badness is 10000
[23]
Overfull \hbox (153.25237pt too wide) detected at line 2485
[]|||[]|[]     [] []| []|||[]    []  []

\hbox(0.0+129.04948)x463.72714 []

[24] [25] [26]
sectABtitle: DATA AND ANALYSES; pageleft: 610.27255pt
[27] [28] (./teximages/nCD000008-CMP-001-01.tex)
(./teximages/nCD000008-CMP-001-02.tex [29])
(./teximages/nCD000008-CMP-001-03.tex) (./teximages/nCD000008-CMP-001-04.tex
[30]) (./teximages/nCD000008-CMP-001-05.tex)
(./teximages/nCD000008-CMP-001-06.tex [31])
(./teximages/nCD000008-CMP-001-07.tex [32])
(./teximages/nCD000008-CMP-001-08.tex [33])
(./teximages/nCD000008-CMP-001-09.tex [34])
(./teximages/nCD000008-CMP-001-10.tex) [35]
(./teximages/nCD000008-CMP-001-11.tex) (./teximages/nCD000008-CMP-001-12.tex
[36]) (./teximages/nCD000008-CMP-001-13.tex
! Undefined entity: ^^9f.
^^c3#1->\errmessage {Undefined entity: #1}
                                          
<argument> ^^c3^^9f
                   -agonist (SE)
\ccol #1->\omit \hss #1
                       \hss 
<argument> ...group}&\ccol {^^c3^^9f-agonist (SE)}
                                                  &\ccol {\quad \quad \quad ...

\doProcessTable ...penalty 9999\relax }\tablerm #1
                                                  }\getpageleft \ifdim \page...
l.41 }}
       
This error message was generated by an \errmessage
command, so I can't give any explicit help.
Pretend that you're Hercule Poirot: Examine all clues,
and deduce the truth by order and method.

! Undefined entity: ^^9f.
^^c3#1->\errmessage {Undefined entity: #1}
                                          
<argument> \quad \quad \quad ^^c3^^9f
                                     -agonist
\ccol #1->\omit \hss #1
                       \hss 
<argument> ...{\quad \quad \quad ^^c3^^9f-agonist}
                                                  &\ccol {Weight}&\ccol {\qu...

\doProcessTable ...penalty 9999\relax }\tablerm #1
                                                  }\getpageleft \ifdim \page...
l.41 }}
       
(That was another \errmessage.)

! Undefined entity: ^^9f.
^^c3#1->\errmessage {Undefined entity: #1}
                                          
<argument> \quad \quad \quad ^^c3^^9f
                                     -agonist
\ccol #1->\omit \hss #1
                       \hss 
<argument> ...{\quad \quad \quad ^^c3^^9f-agonist}
                                                  \cr \noalign {\NoBreak } \...

\doProcessTable ...penalty 9999\relax }\tablerm #1
                                                  }\getpageleft \ifdim \page...
l.41 }}
       
(That was another \errmessage.)

) [37] (./teximages/nCD000008-CMP-001-14.tex)
(./teximages/nCD000008-CMP-001-15.tex [38])
(./teximages/nCD000008-CMP-002-01.tex) (./teximages/nCD000008-CMP-002-02.tex
[39]) (./teximages/nCD000008-CMP-002-03.tex) [40]
(./teximages/nCD000008-CMP-002-04.tex
! Undefined entity: ^^9f.
^^c3#1->\errmessage {Undefined entity: #1}
                                          
<argument> ^^c3^^9f
                   -agonist (SE)
\ccol #1->\omit \hss #1
                       \hss 
<argument> ...group}&\ccol {^^c3^^9f-agonist (SE)}
                                                  &\ccol {\quad \quad \quad ...

\doProcessTable ...penalty 9999\relax }\tablerm #1
                                                  }\getpageleft \ifdim \page...
l.31 }}
       
(That was another \errmessage.)

! Undefined entity: ^^9f.
^^c3#1->\errmessage {Undefined entity: #1}
                                          
<argument> \quad \quad \quad ^^c3^^9f
                                     -agonist
\ccol #1->\omit \hss #1
                       \hss 
<argument> ...{\quad \quad \quad ^^c3^^9f-agonist}
                                                  &\ccol {\quad \quad \quad ...

\doProcessTable ...penalty 9999\relax }\tablerm #1
                                                  }\getpageleft \ifdim \page...
l.31 }}
       
(That was another \errmessage.)

! Undefined entity: ^^9f.
^^c3#1->\errmessage {Undefined entity: #1}
                                          
<argument> \quad \quad \quad ^^c3^^9f
                                     -agonist
\ccol #1->\omit \hss #1
                       \hss 
<argument> ...{\quad \quad \quad ^^c3^^9f-agonist}
                                                  \cr \noalign {\NoBreak } \...

\doProcessTable ...penalty 9999\relax }\tablerm #1
                                                  }\getpageleft \ifdim \page...
l.31 }}
       
(That was another \errmessage.)

) (./teximages/nCD000008-CMP-002-05.tex) [41]
(./teximages/nCD000008-CMP-002-06.tex) (./teximages/nCD000008-CMP-002-07.tex)
[42] (./teximages/nCD000008-CMP-002-08.tex)
(./teximages/nCD000008-CMP-002-09.tex [43])
(./teximages/nCD000008-CMP-002-10.tex) (./teximages/nCD000008-CMP-002-11.tex
[44]) (./teximages/nCD000008-CMP-003-01.tex
! Undefined entity: ^^b6.
^^c3#1->\errmessage {Undefined entity: #1}
                                          
<argument> ...arBreak } \kern 8.6bpMalmstr^^c3^^b6
                                                  m 2002&10&357.5 (117.55)&1...

\doProcessTable ...penalty 9999\relax }\tablerm #1
                                                  }\getpageleft \ifdim \page...
l.28 }}
       
(That was another \errmessage.)

) (./teximages/nCD000008-CMP-003-02.tex
! Undefined entity: ^^b6.
^^c3#1->\errmessage {Undefined entity: #1}
                                          
<argument> ...arBreak } \kern 8.6bpMalmstr^^c3^^b6
                                                  m 2002&8&1.78 (0.76)&8&2.6...

\doProcessTable ...penalty 9999\relax }\tablerm #1
                                                  }\getpageleft \ifdim \page...
l.41 }}
       
(That was another \errmessage.)

[45])
sectABtitle: WHAT'S NEW; pageleft: 349.16728pt
hsize: 463.72714pt
sectABtitle: HISTORY; pageleft: 229.78192pt
hsize: 463.72714pt
[46]
sectABtitle: CONTRIBUTIONS OF AUTHORS; pageleft: 382.19289pt
sectABtitle: DECLARATIONS OF INTEREST; pageleft: 212.95354pt
sectABtitle: SOURCES OF SUPPORT; pageleft: 157.31187pt
[47]
sectABtitle: INDEX TERMS; pageleft: 510.06133pt
lastpage is 48
[48] )
Output written on /CT/CochraneCMS/TexRendering5/104422.dvi (51 pages, 557100 by
tes).
